2025-03-07 11:31:00 - ERROR - 

***************************
APPLICATION FAILED TO START
***************************

Description:

Failed to bind properties under 'logging.level.com.example' to org.springframework.boot.logging.LogLevel:

    Property: logging.level.com.example
    Value: "DEBUG  # Your package"
    Origin: class path resource [application.properties] - 20:27
    Reason: failed to convert java.lang.String to org.springframework.boot.logging.LogLevel (caused by java.lang.IllegalArgumentException: No enum constant org.springframework.boot.logging.LogLevel.DEBUG  # Your package)

Action:

Update your application's configuration. The following values are valid:

    DEBUG
    ERROR
    FATAL
    INFO
    OFF
    TRACE
    WARN

2025-03-07 11:31:39 - INFO - Starting EmployeePayrollApplication using Java 22 with PID 5768 (C:\Users\jayan\OneDrive\Desktop\Mar4-Employee_Payroll\employee-payroll\target\classes started by jayan in C:\Users\jayan\OneDrive\Desktop\Mar4-Employee_Payroll\employee-payroll)
2025-03-07 11:31:39 - DEBUG - Running with Spring Boot v3.4.3, Spring v6.2.3
2025-03-07 11:31:39 - INFO - No active profile set, falling back to 1 default profile: "default"
2025-03-07 11:31:39 - INFO - Devtools property defaults active! Set 'spring.devtools.add-properties' to 'false' to disable
2025-03-07 11:31:39 - INFO - For additional web related logging consider setting the 'logging.level.web' property to 'DEBUG'
2025-03-07 11:31:41 - INFO - Bootstrapping Spring Data JPA repositories in DEFAULT mode.
2025-03-07 11:31:41 - INFO - Finished Spring Data repository scanning in 115 ms. Found 1 JPA repository interface.
2025-03-07 11:31:42 - INFO - Tomcat initialized with port 8080 (http)
2025-03-07 11:31:42 - INFO - Starting service [Tomcat]
2025-03-07 11:31:42 - INFO - Starting Servlet engine: [Apache Tomcat/10.1.36]
2025-03-07 11:31:42 - INFO - Initializing Spring embedded WebApplicationContext
2025-03-07 11:31:42 - INFO - Root WebApplicationContext: initialization completed in 3132 ms
2025-03-07 11:31:42 - INFO - HHH000204: Processing PersistenceUnitInfo [name: default]
2025-03-07 11:31:43 - INFO - HHH000412: Hibernate ORM core version 6.6.8.Final
2025-03-07 11:31:43 - INFO - HHH000026: Second-level cache disabled
2025-03-07 11:31:43 - INFO - No LoadTimeWeaver setup: ignoring JPA class transformer
2025-03-07 11:31:43 - INFO - HikariPool-1 - Starting...
2025-03-07 11:31:44 - INFO - HikariPool-1 - Added connection com.mysql.cj.jdbc.ConnectionImpl@12552670
2025-03-07 11:31:44 - INFO - HikariPool-1 - Start completed.
2025-03-07 11:31:44 - WARN - HHH90000025: MySQL8Dialect does not need to be specified explicitly using 'hibernate.dialect' (remove the property setting and it will be selected by default)
2025-03-07 11:31:44 - WARN - HHH90000026: MySQL8Dialect has been deprecated; use org.hibernate.dialect.MySQLDialect instead
2025-03-07 11:31:44 - INFO - HHH10001005: Database info:
	Database JDBC URL [Connecting through datasource 'HikariDataSource (HikariPool-1)']
	Database driver: undefined/unknown
	Database version: 8.0
	Autocommit mode: undefined/unknown
	Isolation level: undefined/unknown
	Minimum pool size: undefined/unknown
	Maximum pool size: undefined/unknown
2025-03-07 11:31:46 - INFO - HHH000489: No JTA platform available (set 'hibernate.transaction.jta.platform' to enable JTA platform integration)
2025-03-07 11:31:46 - INFO - Initialized JPA EntityManagerFactory for persistence unit 'default'
2025-03-07 11:31:46 - WARN - spring.jpa.open-in-view is enabled by default. Therefore, database queries may be performed during view rendering. Explicitly configure spring.jpa.open-in-view to disable this warning
2025-03-07 11:31:47 - INFO - LiveReload server is running on port 35729
2025-03-07 11:31:47 - INFO - Tomcat started on port 8080 (http) with context path '/'
2025-03-07 11:31:47 - INFO - Started EmployeePayrollApplication in 9.561 seconds (process running for 10.739)
